app/build/intermediates/manifest_merge_blame_file/debug/manifest-merger-blame-debug-report.txt
1<?xml version="1.0" encoding="utf-8"?>
2<manifest xmlns:android="http://schemas.android.com/apk/res/android"
3    package="com.example.tohackmeapp"
4    android:versionCode="1"
5    android:versionName="1.0" >
6
7    <uses-sdk
8        android:minSdkVersion="16"
8-->src\main\AndroidManifest.xml
9        android:targetSdkVersion="30" />
9-->src\main\AndroidManifest.xml
10
11    <uses-permission android:name="android.permission.INTERNET" />
11-->src\main\AndroidManifest.xml:5:5-67
11-->src\main\AndroidManifest.xml:5:22-64
12
13    <!-- Although the *SdkVersion is captured in gradle build files, this is required for non gradle builds -->
14    <!-- <uses-sdk android:minSdkVersion="14" /> -->
15    <uses-permission android:name="android.permission.ACCESS_NETWORK_STATE" />
15-->[com.google.firebase:firebase-firestore:21.5.0] AndroidManifest.xml:13:5-79
15-->[com.google.firebase:firebase-firestore:21.5.0] AndroidManifest.xml:13:22-76
16
17    <application
17-->src\main\AndroidManifest.xml:7:5-42:19
18        android:name="androidx.multidex.MultiDexApplication"
19        android:allowBackup="true"
19-->src\main\AndroidManifest.xml:8:9-35
20        android:appComponentFactory="androidx.core.app.CoreComponentFactory"
20-->[androidx.core:core:1.3.1] AndroidManifest.xml:24:18-86
21        android:debuggable="true"
22        android:icon="@mipmap/ic_launcher"
22-->src\main\AndroidManifest.xml:9:9-43
23        android:label="@string/app_name"
23-->src\main\AndroidManifest.xml:10:9-41
24        android:roundIcon="@mipmap/ic_launcher_round"
24-->src\main\AndroidManifest.xml:11:9-54
25        android:supportsRtl="true"
25-->src\main\AndroidManifest.xml:12:9-35
26        android:testOnly="true"
27        android:theme="@style/AppTheme" >
27-->src\main\AndroidManifest.xml:13:9-40
28        <activity android:name="com.example.tohackmeapp.TodoList" />
28-->src\main\AndroidManifest.xml:14:9-55
28-->src\main\AndroidManifest.xml:14:19-43
29        <activity android:name="com.example.tohackmeapp.TodoForm" />
29-->src\main\AndroidManifest.xml:15:9-46
29-->src\main\AndroidManifest.xml:15:19-43
30        <activity
30-->src\main\AndroidManifest.xml:16:9-20:58
31            android:name="com.example.tohackmeapp.Login"
31-->src\main\AndroidManifest.xml:17:13-34
32            android:screenOrientation="portrait"
32-->src\main\AndroidManifest.xml:18:13-49
33            android:theme="@style/NoActionBarTheme"
33-->src\main\AndroidManifest.xml:19:13-52
34            android:windowSoftInputMode="adjustResize" />
34-->src\main\AndroidManifest.xml:20:13-55
35        <activity
35-->src\main\AndroidManifest.xml:21:9-31:20
36            android:name="com.example.tohackmeapp.Register"
36-->src\main\AndroidManifest.xml:22:13-37
37            android:screenOrientation="portrait"
37-->src\main\AndroidManifest.xml:23:13-49
38            android:theme="@style/NoActionBarTheme"
38-->src\main\AndroidManifest.xml:24:13-52
39            android:windowSoftInputMode="adjustResize" >
39-->src\main\AndroidManifest.xml:25:13-55
40            <intent-filter>
40-->src\main\AndroidManifest.xml:26:13-30:29
41                <action android:name="android.intent.action.MAIN" />
41-->src\main\AndroidManifest.xml:27:17-69
41-->src\main\AndroidManifest.xml:27:25-66
42
43                <category android:name="android.intent.category.LAUNCHER" />
43-->src\main\AndroidManifest.xml:29:17-77
43-->src\main\AndroidManifest.xml:29:27-74
44            </intent-filter>
45        </activity>
46        <activity
46-->src\main\AndroidManifest.xml:32:9-41:20
47            android:name="com.example.tohackmeapp.MainActivity"
47-->src\main\AndroidManifest.xml:33:13-41
48            android:screenOrientation="portrait"
48-->src\main\AndroidManifest.xml:34:13-49
49            android:theme="@style/NoActionBarTheme" >
49-->src\main\AndroidManifest.xml:35:13-52
50            <intent-filter>
50-->src\main\AndroidManifest.xml:36:13-40:29
51                <action android:name="android.intent.action.MAIN" />
51-->src\main\AndroidManifest.xml:27:17-69
51-->src\main\AndroidManifest.xml:27:25-66
52
53                <!-- <category android:name="android.intent.category.LAUNCHER" /> -->
54            </intent-filter>
55        </activity>
56        <activity
56-->[com.google.firebase:firebase-auth:19.3.2] AndroidManifest.xml:24:9-31:50
57            android:name="com.google.firebase.auth.internal.FederatedSignInActivity"
57-->[com.google.firebase:firebase-auth:19.3.2] AndroidManifest.xml:25:13-85
58            android:excludeFromRecents="true"
58-->[com.google.firebase:firebase-auth:19.3.2] AndroidManifest.xml:26:13-46
59            android:exported="true"
59-->[com.google.firebase:firebase-auth:19.3.2] AndroidManifest.xml:27:13-36
60            android:launchMode="singleTask"
60-->[com.google.firebase:firebase-auth:19.3.2] AndroidManifest.xml:28:13-44
61            android:permission="com.google.firebase.auth.api.gms.permission.LAUNCH_FEDERATED_SIGN_IN"
61-->[com.google.firebase:firebase-auth:19.3.2] AndroidManifest.xml:29:13-102
62            android:theme="@android:style/Theme.Translucent.NoTitleBar" />
62-->[com.google.firebase:firebase-auth:19.3.2] AndroidManifest.xml:30:13-72
63
64        <service
64-->[com.google.firebase:firebase-auth:19.3.2] AndroidManifest.xml:33:9-39:19
65            android:name="com.google.firebase.components.ComponentDiscoveryService"
65-->[com.google.firebase:firebase-auth:19.3.2] AndroidManifest.xml:34:13-84
66            android:directBootAware="true"
66-->[com.google.firebase:firebase-common:19.3.0] AndroidManifest.xml:34:13-43
67            android:exported="false" >
67-->[com.google.firebase:firebase-auth:19.3.2] AndroidManifest.xml:35:13-37
68            <meta-data
68-->[com.google.firebase:firebase-auth:19.3.2] AndroidManifest.xml:36:13-38:85
69                android:name="com.google.firebase.components:com.google.firebase.auth.FirebaseAuthRegistrar"
69-->[com.google.firebase:firebase-auth:19.3.2] AndroidManifest.xml:37:17-109
70                android:value="com.google.firebase.components.ComponentRegistrar" />
70-->[com.google.firebase:firebase-auth:19.3.2] AndroidManifest.xml:38:17-82
71            <meta-data
71-->[com.google.firebase:firebase-firestore:21.5.0] AndroidManifest.xml:20:13-22:85
72                android:name="com.google.firebase.components:com.google.firebase.firestore.FirestoreRegistrar"
72-->[com.google.firebase:firebase-firestore:21.5.0] AndroidManifest.xml:21:17-111
73                android:value="com.google.firebase.components.ComponentRegistrar" />
73-->[com.google.firebase:firebase-firestore:21.5.0] AndroidManifest.xml:22:17-82
74        </service>
75
76        <activity
76-->[com.google.android.gms:play-services-base:17.1.0] AndroidManifest.xml:23:9-26:75
77            android:name="com.google.android.gms.common.api.GoogleApiActivity"
77-->[com.google.android.gms:play-services-base:17.1.0] AndroidManifest.xml:24:13-79
78            android:exported="false"
78-->[com.google.android.gms:play-services-base:17.1.0] AndroidManifest.xml:25:13-37
79            android:theme="@android:style/Theme.Translucent.NoTitleBar" />
79-->[com.google.android.gms:play-services-base:17.1.0] AndroidManifest.xml:26:13-72
80
81        <provider
81-->[com.google.firebase:firebase-common:19.3.0] AndroidManifest.xml:26:9-30:39
82            android:name="com.google.firebase.provider.FirebaseInitProvider"
82-->[com.google.firebase:firebase-common:19.3.0] AndroidManifest.xml:27:13-77
83            android:authorities="com.example.tohackmeapp.firebaseinitprovider"
83-->[com.google.firebase:firebase-common:19.3.0] AndroidManifest.xml:28:13-72
84            android:exported="false"
84-->[com.google.firebase:firebase-common:19.3.0] AndroidManifest.xml:29:13-37
85            android:initOrder="100" />
85-->[com.google.firebase:firebase-common:19.3.0] AndroidManifest.xml:30:13-36
86
87        <meta-data
87-->[com.google.android.gms:play-services-basement:17.0.0] AndroidManifest.xml:23:9-25:69
88            android:name="com.google.android.gms.version"
88-->[com.google.android.gms:play-services-basement:17.0.0] AndroidManifest.xml:24:13-58
89            android:value="@integer/google_play_services_version" />
89-->[com.google.android.gms:play-services-basement:17.0.0] AndroidManifest.xml:25:13-66
90    </application>
91
92</manifest>